<?xml version="1.0" encoding="UTF-8"?>
<testsuite xmlns:xsi="http://www.w3.org/2001/XMLSchema-instance" xsi:noNamespaceSchemaLocation="https://maven.apache.org/surefire/maven-surefire-plugin/xsd/surefire-test-report-3.0.xsd" version="3.0" name="com.ensea_java_final.Vector2DTest" time="0.008" tests="6" errors="0" skipped="0" failures="0">
  <properties>
    <property name="java.specification.version" value="23"/>
    <property name="sun.jnu.encoding" value="UTF-8"/>
    <property name="java.class.path" value="/Users/ethanzhang/physics/ENSEA_Java_Final/demo/target/test-classes:/Users/ethanzhang/physics/ENSEA_Java_Final/demo/target/classes:/Users/ethanzhang/.m2/repository/org/jbox2d/jbox2d-library/2.2.1.1/jbox2d-library-2.2.1.1.jar:/Users/ethanzhang/.m2/repository/org/lwjgl/lwjgl/3.3.6/lwjgl-3.3.6.jar:/Users/ethanzhang/.m2/repository/org/lwjgl/lwjgl-assimp/3.3.6/lwjgl-assimp-3.3.6.jar:/Users/ethanzhang/.m2/repository/org/lwjgl/lwjgl-bgfx/3.3.6/lwjgl-bgfx-3.3.6.jar:/Users/ethanzhang/.m2/repository/org/lwjgl/lwjgl-cuda/3.3.6/lwjgl-cuda-3.3.6.jar:/Users/ethanzhang/.m2/repository/org/lwjgl/lwjgl-egl/3.3.6/lwjgl-egl-3.3.6.jar:/Users/ethanzhang/.m2/repository/org/lwjgl/lwjgl-fmod/3.3.6/lwjgl-fmod-3.3.6.jar:/Users/ethanzhang/.m2/repository/org/lwjgl/lwjgl-freetype/3.3.6/lwjgl-freetype-3.3.6.jar:/Users/ethanzhang/.m2/repository/org/lwjgl/lwjgl-glfw/3.3.6/lwjgl-glfw-3.3.6.jar:/Users/ethanzhang/.m2/repository/org/lwjgl/lwjgl-harfbuzz/3.3.6/lwjgl-harfbuzz-3.3.6.jar:/Users/ethanzhang/.m2/repository/org/lwjgl/lwjgl-hwloc/3.3.6/lwjgl-hwloc-3.3.6.jar:/Users/ethanzhang/.m2/repository/org/lwjgl/lwjgl-jawt/3.3.6/lwjgl-jawt-3.3.6.jar:/Users/ethanzhang/.m2/repository/org/lwjgl/lwjgl-jemalloc/3.3.6/lwjgl-jemalloc-3.3.6.jar:/Users/ethanzhang/.m2/repository/org/lwjgl/lwjgl-ktx/3.3.6/lwjgl-ktx-3.3.6.jar:/Users/ethanzhang/.m2/repository/org/lwjgl/lwjgl-libdivide/3.3.6/lwjgl-libdivide-3.3.6.jar:/Users/ethanzhang/.m2/repository/org/lwjgl/lwjgl-llvm/3.3.6/lwjgl-llvm-3.3.6.jar:/Users/ethanzhang/.m2/repository/org/lwjgl/lwjgl-lmdb/3.3.6/lwjgl-lmdb-3.3.6.jar:/Users/ethanzhang/.m2/repository/org/lwjgl/lwjgl-lz4/3.3.6/lwjgl-lz4-3.3.6.jar:/Users/ethanzhang/.m2/repository/org/lwjgl/lwjgl-meow/3.3.6/lwjgl-meow-3.3.6.jar:/Users/ethanzhang/.m2/repository/org/lwjgl/lwjgl-meshoptimizer/3.3.6/lwjgl-meshoptimizer-3.3.6.jar:/Users/ethanzhang/.m2/repository/org/lwjgl/lwjgl-msdfgen/3.3.6/lwjgl-msdfgen-3.3.6.jar:/Users/ethanzhang/.m2/repository/org/lwjgl/lwjgl-nanovg/3.3.6/lwjgl-nanovg-3.3.6.jar:/Users/ethanzhang/.m2/repository/org/lwjgl/lwjgl-nfd/3.3.6/lwjgl-nfd-3.3.6.jar:/Users/ethanzhang/.m2/repository/org/lwjgl/lwjgl-nuklear/3.3.6/lwjgl-nuklear-3.3.6.jar:/Users/ethanzhang/.m2/repository/org/lwjgl/lwjgl-odbc/3.3.6/lwjgl-odbc-3.3.6.jar:/Users/ethanzhang/.m2/repository/org/lwjgl/lwjgl-openal/3.3.6/lwjgl-openal-3.3.6.jar:/Users/ethanzhang/.m2/repository/org/lwjgl/lwjgl-opencl/3.3.6/lwjgl-opencl-3.3.6.jar:/Users/ethanzhang/.m2/repository/org/lwjgl/lwjgl-opengl/3.3.6/lwjgl-opengl-3.3.6.jar:/Users/ethanzhang/.m2/repository/org/lwjgl/lwjgl-opengles/3.3.6/lwjgl-opengles-3.3.6.jar:/Users/ethanzhang/.m2/repository/org/lwjgl/lwjgl-openvr/3.3.6/lwjgl-openvr-3.3.6.jar:/Users/ethanzhang/.m2/repository/org/lwjgl/lwjgl-openxr/3.3.6/lwjgl-openxr-3.3.6.jar:/Users/ethanzhang/.m2/repository/org/lwjgl/lwjgl-opus/3.3.6/lwjgl-opus-3.3.6.jar:/Users/ethanzhang/.m2/repository/org/lwjgl/lwjgl-ovr/3.3.6/lwjgl-ovr-3.3.6.jar:/Users/ethanzhang/.m2/repository/org/lwjgl/lwjgl-par/3.3.6/lwjgl-par-3.3.6.jar:/Users/ethanzhang/.m2/repository/org/lwjgl/lwjgl-remotery/3.3.6/lwjgl-remotery-3.3.6.jar:/Users/ethanzhang/.m2/repository/org/lwjgl/lwjgl-rpmalloc/3.3.6/lwjgl-rpmalloc-3.3.6.jar:/Users/ethanzhang/.m2/repository/org/lwjgl/lwjgl-shaderc/3.3.6/lwjgl-shaderc-3.3.6.jar:/Users/ethanzhang/.m2/repository/org/lwjgl/lwjgl-spvc/3.3.6/lwjgl-spvc-3.3.6.jar:/Users/ethanzhang/.m2/repository/org/lwjgl/lwjgl-sse/3.3.6/lwjgl-sse-3.3.6.jar:/Users/ethanzhang/.m2/repository/org/lwjgl/lwjgl-stb/3.3.6/lwjgl-stb-3.3.6.jar:/Users/ethanzhang/.m2/repository/org/lwjgl/lwjgl-tinyexr/3.3.6/lwjgl-tinyexr-3.3.6.jar:/Users/ethanzhang/.m2/repository/org/lwjgl/lwjgl-tinyfd/3.3.6/lwjgl-tinyfd-3.3.6.jar:/Users/ethanzhang/.m2/repository/org/lwjgl/lwjgl-tootle/3.3.6/lwjgl-tootle-3.3.6.jar:/Users/ethanzhang/.m2/repository/org/lwjgl/lwjgl-vma/3.3.6/lwjgl-vma-3.3.6.jar:/Users/ethanzhang/.m2/repository/org/lwjgl/lwjgl-vulkan/3.3.6/lwjgl-vulkan-3.3.6.jar:/Users/ethanzhang/.m2/repository/org/lwjgl/lwjgl-xxhash/3.3.6/lwjgl-xxhash-3.3.6.jar:/Users/ethanzhang/.m2/repository/org/lwjgl/lwjgl-yoga/3.3.6/lwjgl-yoga-3.3.6.jar:/Users/ethanzhang/.m2/repository/org/lwjgl/lwjgl-zstd/3.3.6/lwjgl-zstd-3.3.6.jar:/Users/ethanzhang/.m2/repository/org/lwjgl/lwjgl/3.3.6/lwjgl-3.3.6-natives-macos-arm64.jar:/Users/ethanzhang/.m2/repository/org/lwjgl/lwjgl-assimp/3.3.6/lwjgl-assimp-3.3.6-natives-macos-arm64.jar:/Users/ethanzhang/.m2/repository/org/lwjgl/lwjgl-bgfx/3.3.6/lwjgl-bgfx-3.3.6-natives-macos-arm64.jar:/Users/ethanzhang/.m2/repository/org/lwjgl/lwjgl-freetype/3.3.6/lwjgl-freetype-3.3.6-natives-macos-arm64.jar:/Users/ethanzhang/.m2/repository/org/lwjgl/lwjgl-glfw/3.3.6/lwjgl-glfw-3.3.6-natives-macos-arm64.jar:/Users/ethanzhang/.m2/repository/org/lwjgl/lwjgl-harfbuzz/3.3.6/lwjgl-harfbuzz-3.3.6-natives-macos-arm64.jar:/Users/ethanzhang/.m2/repository/org/lwjgl/lwjgl-hwloc/3.3.6/lwjgl-hwloc-3.3.6-natives-macos-arm64.jar:/Users/ethanzhang/.m2/repository/org/lwjgl/lwjgl-jemalloc/3.3.6/lwjgl-jemalloc-3.3.6-natives-macos-arm64.jar:/Users/ethanzhang/.m2/repository/org/lwjgl/lwjgl-ktx/3.3.6/lwjgl-ktx-3.3.6-natives-macos-arm64.jar:/Users/ethanzhang/.m2/repository/org/lwjgl/lwjgl-libdivide/3.3.6/lwjgl-libdivide-3.3.6-natives-macos-arm64.jar:/Users/ethanzhang/.m2/repository/org/lwjgl/lwjgl-llvm/3.3.6/lwjgl-llvm-3.3.6-natives-macos-arm64.jar:/Users/ethanzhang/.m2/repository/org/lwjgl/lwjgl-lmdb/3.3.6/lwjgl-lmdb-3.3.6-natives-macos-arm64.jar:/Users/ethanzhang/.m2/repository/org/lwjgl/lwjgl-lz4/3.3.6/lwjgl-lz4-3.3.6-natives-macos-arm64.jar:/Users/ethanzhang/.m2/repository/org/lwjgl/lwjgl-meow/3.3.6/lwjgl-meow-3.3.6-natives-macos-arm64.jar:/Users/ethanzhang/.m2/repository/org/lwjgl/lwjgl-meshoptimizer/3.3.6/lwjgl-meshoptimizer-3.3.6-natives-macos-arm64.jar:/Users/ethanzhang/.m2/repository/org/lwjgl/lwjgl-msdfgen/3.3.6/lwjgl-msdfgen-3.3.6-natives-macos-arm64.jar:/Users/ethanzhang/.m2/repository/org/lwjgl/lwjgl-nanovg/3.3.6/lwjgl-nanovg-3.3.6-natives-macos-arm64.jar:/Users/ethanzhang/.m2/repository/org/lwjgl/lwjgl-nfd/3.3.6/lwjgl-nfd-3.3.6-natives-macos-arm64.jar:/Users/ethanzhang/.m2/repository/org/lwjgl/lwjgl-nuklear/3.3.6/lwjgl-nuklear-3.3.6-natives-macos-arm64.jar:/Users/ethanzhang/.m2/repository/org/lwjgl/lwjgl-openal/3.3.6/lwjgl-openal-3.3.6-natives-macos-arm64.jar:/Users/ethanzhang/.m2/repository/org/lwjgl/lwjgl-opengl/3.3.6/lwjgl-opengl-3.3.6-natives-macos-arm64.jar:/Users/ethanzhang/.m2/repository/org/lwjgl/lwjgl-opengles/3.3.6/lwjgl-opengles-3.3.6-natives-macos-arm64.jar:/Users/ethanzhang/.m2/repository/org/lwjgl/lwjgl-opus/3.3.6/lwjgl-opus-3.3.6-natives-macos-arm64.jar:/Users/ethanzhang/.m2/repository/org/lwjgl/lwjgl-par/3.3.6/lwjgl-par-3.3.6-natives-macos-arm64.jar:/Users/ethanzhang/.m2/repository/org/lwjgl/lwjgl-remotery/3.3.6/lwjgl-remotery-3.3.6-natives-macos-arm64.jar:/Users/ethanzhang/.m2/repository/org/lwjgl/lwjgl-rpmalloc/3.3.6/lwjgl-rpmalloc-3.3.6-natives-macos-arm64.jar:/Users/ethanzhang/.m2/repository/org/lwjgl/lwjgl-shaderc/3.3.6/lwjgl-shaderc-3.3.6-natives-macos-arm64.jar:/Users/ethanzhang/.m2/repository/org/lwjgl/lwjgl-spvc/3.3.6/lwjgl-spvc-3.3.6-natives-macos-arm64.jar:/Users/ethanzhang/.m2/repository/org/lwjgl/lwjgl-stb/3.3.6/lwjgl-stb-3.3.6-natives-macos-arm64.jar:/Users/ethanzhang/.m2/repository/org/lwjgl/lwjgl-tinyexr/3.3.6/lwjgl-tinyexr-3.3.6-natives-macos-arm64.jar:/Users/ethanzhang/.m2/repository/org/lwjgl/lwjgl-tinyfd/3.3.6/lwjgl-tinyfd-3.3.6-natives-macos-arm64.jar:/Users/ethanzhang/.m2/repository/org/lwjgl/lwjgl-vma/3.3.6/lwjgl-vma-3.3.6-natives-macos-arm64.jar:/Users/ethanzhang/.m2/repository/org/lwjgl/lwjgl-xxhash/3.3.6/lwjgl-xxhash-3.3.6-natives-macos-arm64.jar:/Users/ethanzhang/.m2/repository/org/lwjgl/lwjgl-yoga/3.3.6/lwjgl-yoga-3.3.6-natives-macos-arm64.jar:/Users/ethanzhang/.m2/repository/org/lwjgl/lwjgl-zstd/3.3.6/lwjgl-zstd-3.3.6-natives-macos-arm64.jar:/Users/ethanzhang/.m2/repository/org/junit/jupiter/junit-jupiter/5.10.0/junit-jupiter-5.10.0.jar:/Users/ethanzhang/.m2/repository/org/junit/jupiter/junit-jupiter-api/5.10.2/junit-jupiter-api-5.10.2.jar:/Users/ethanzhang/.m2/repository/org/opentest4j/opentest4j/1.3.0/opentest4j-1.3.0.jar:/Users/ethanzhang/.m2/repository/org/junit/platform/junit-platform-commons/1.10.2/junit-platform-commons-1.10.2.jar:/Users/ethanzhang/.m2/repository/org/apiguardian/apiguardian-api/1.1.2/apiguardian-api-1.1.2.jar:/Users/ethanzhang/.m2/repository/org/junit/jupiter/junit-jupiter-params/5.10.2/junit-jupiter-params-5.10.2.jar:/Users/ethanzhang/.m2/repository/org/junit/jupiter/junit-jupiter-engine/5.10.2/junit-jupiter-engine-5.10.2.jar:/Users/ethanzhang/.m2/repository/org/junit/platform/junit-platform-engine/1.10.2/junit-platform-engine-1.10.2.jar:/Users/ethanzhang/.m2/repository/org/mockito/mockito-core/5.11.0/mockito-core-5.11.0.jar:/Users/ethanzhang/.m2/repository/net/bytebuddy/byte-buddy/1.14.12/byte-buddy-1.14.12.jar:/Users/ethanzhang/.m2/repository/net/bytebuddy/byte-buddy-agent/1.14.12/byte-buddy-agent-1.14.12.jar:/Users/ethanzhang/.m2/repository/org/objenesis/objenesis/3.3/objenesis-3.3.jar:"/>
    <property name="java.vm.vendor" value="Homebrew"/>
    <property name="net.bytebuddy.experimental" value="true"/>
    <property name="sun.arch.data.model" value="64"/>
    <property name="java.vendor.url" value="https://github.com/Homebrew/homebrew-core/issues"/>
    <property name="user.timezone" value="Europe/Paris"/>
    <property name="os.name" value="Mac OS X"/>
    <property name="java.vm.specification.version" value="23"/>
    <property name="sun.java.launcher" value="SUN_STANDARD"/>
    <property name="user.country" value="US"/>
    <property name="sun.boot.library.path" value="/opt/homebrew/Cellar/openjdk/23.0.2/libexec/openjdk.jdk/Contents/Home/lib"/>
    <property name="sun.java.command" value="/Users/ethanzhang/physics/ENSEA_Java_Final/demo/target/surefire/surefirebooter-20250521115850880_3.jar /Users/ethanzhang/physics/ENSEA_Java_Final/demo/target/surefire 2025-05-21T11-58-50_803-jvmRun1 surefire-20250521115850880_1tmp surefire_0-20250521115850880_2tmp"/>
    <property name="http.nonProxyHosts" value="local|*.local|169.254/16|*.169.254/16"/>
    <property name="jdk.debug" value="release"/>
    <property name="surefire.test.class.path" value="/Users/ethanzhang/physics/ENSEA_Java_Final/demo/target/test-classes:/Users/ethanzhang/physics/ENSEA_Java_Final/demo/target/classes:/Users/ethanzhang/.m2/repository/org/jbox2d/jbox2d-library/2.2.1.1/jbox2d-library-2.2.1.1.jar:/Users/ethanzhang/.m2/repository/org/lwjgl/lwjgl/3.3.6/lwjgl-3.3.6.jar:/Users/ethanzhang/.m2/repository/org/lwjgl/lwjgl-assimp/3.3.6/lwjgl-assimp-3.3.6.jar:/Users/ethanzhang/.m2/repository/org/lwjgl/lwjgl-bgfx/3.3.6/lwjgl-bgfx-3.3.6.jar:/Users/ethanzhang/.m2/repository/org/lwjgl/lwjgl-cuda/3.3.6/lwjgl-cuda-3.3.6.jar:/Users/ethanzhang/.m2/repository/org/lwjgl/lwjgl-egl/3.3.6/lwjgl-egl-3.3.6.jar:/Users/ethanzhang/.m2/repository/org/lwjgl/lwjgl-fmod/3.3.6/lwjgl-fmod-3.3.6.jar:/Users/ethanzhang/.m2/repository/org/lwjgl/lwjgl-freetype/3.3.6/lwjgl-freetype-3.3.6.jar:/Users/ethanzhang/.m2/repository/org/lwjgl/lwjgl-glfw/3.3.6/lwjgl-glfw-3.3.6.jar:/Users/ethanzhang/.m2/repository/org/lwjgl/lwjgl-harfbuzz/3.3.6/lwjgl-harfbuzz-3.3.6.jar:/Users/ethanzhang/.m2/repository/org/lwjgl/lwjgl-hwloc/3.3.6/lwjgl-hwloc-3.3.6.jar:/Users/ethanzhang/.m2/repository/org/lwjgl/lwjgl-jawt/3.3.6/lwjgl-jawt-3.3.6.jar:/Users/ethanzhang/.m2/repository/org/lwjgl/lwjgl-jemalloc/3.3.6/lwjgl-jemalloc-3.3.6.jar:/Users/ethanzhang/.m2/repository/org/lwjgl/lwjgl-ktx/3.3.6/lwjgl-ktx-3.3.6.jar:/Users/ethanzhang/.m2/repository/org/lwjgl/lwjgl-libdivide/3.3.6/lwjgl-libdivide-3.3.6.jar:/Users/ethanzhang/.m2/repository/org/lwjgl/lwjgl-llvm/3.3.6/lwjgl-llvm-3.3.6.jar:/Users/ethanzhang/.m2/repository/org/lwjgl/lwjgl-lmdb/3.3.6/lwjgl-lmdb-3.3.6.jar:/Users/ethanzhang/.m2/repository/org/lwjgl/lwjgl-lz4/3.3.6/lwjgl-lz4-3.3.6.jar:/Users/ethanzhang/.m2/repository/org/lwjgl/lwjgl-meow/3.3.6/lwjgl-meow-3.3.6.jar:/Users/ethanzhang/.m2/repository/org/lwjgl/lwjgl-meshoptimizer/3.3.6/lwjgl-meshoptimizer-3.3.6.jar:/Users/ethanzhang/.m2/repository/org/lwjgl/lwjgl-msdfgen/3.3.6/lwjgl-msdfgen-3.3.6.jar:/Users/ethanzhang/.m2/repository/org/lwjgl/lwjgl-nanovg/3.3.6/lwjgl-nanovg-3.3.6.jar:/Users/ethanzhang/.m2/repository/org/lwjgl/lwjgl-nfd/3.3.6/lwjgl-nfd-3.3.6.jar:/Users/ethanzhang/.m2/repository/org/lwjgl/lwjgl-nuklear/3.3.6/lwjgl-nuklear-3.3.6.jar:/Users/ethanzhang/.m2/repository/org/lwjgl/lwjgl-odbc/3.3.6/lwjgl-odbc-3.3.6.jar:/Users/ethanzhang/.m2/repository/org/lwjgl/lwjgl-openal/3.3.6/lwjgl-openal-3.3.6.jar:/Users/ethanzhang/.m2/repository/org/lwjgl/lwjgl-opencl/3.3.6/lwjgl-opencl-3.3.6.jar:/Users/ethanzhang/.m2/repository/org/lwjgl/lwjgl-opengl/3.3.6/lwjgl-opengl-3.3.6.jar:/Users/ethanzhang/.m2/repository/org/lwjgl/lwjgl-opengles/3.3.6/lwjgl-opengles-3.3.6.jar:/Users/ethanzhang/.m2/repository/org/lwjgl/lwjgl-openvr/3.3.6/lwjgl-openvr-3.3.6.jar:/Users/ethanzhang/.m2/repository/org/lwjgl/lwjgl-openxr/3.3.6/lwjgl-openxr-3.3.6.jar:/Users/ethanzhang/.m2/repository/org/lwjgl/lwjgl-opus/3.3.6/lwjgl-opus-3.3.6.jar:/Users/ethanzhang/.m2/repository/org/lwjgl/lwjgl-ovr/3.3.6/lwjgl-ovr-3.3.6.jar:/Users/ethanzhang/.m2/repository/org/lwjgl/lwjgl-par/3.3.6/lwjgl-par-3.3.6.jar:/Users/ethanzhang/.m2/repository/org/lwjgl/lwjgl-remotery/3.3.6/lwjgl-remotery-3.3.6.jar:/Users/ethanzhang/.m2/repository/org/lwjgl/lwjgl-rpmalloc/3.3.6/lwjgl-rpmalloc-3.3.6.jar:/Users/ethanzhang/.m2/repository/org/lwjgl/lwjgl-shaderc/3.3.6/lwjgl-shaderc-3.3.6.jar:/Users/ethanzhang/.m2/repository/org/lwjgl/lwjgl-spvc/3.3.6/lwjgl-spvc-3.3.6.jar:/Users/ethanzhang/.m2/repository/org/lwjgl/lwjgl-sse/3.3.6/lwjgl-sse-3.3.6.jar:/Users/ethanzhang/.m2/repository/org/lwjgl/lwjgl-stb/3.3.6/lwjgl-stb-3.3.6.jar:/Users/ethanzhang/.m2/repository/org/lwjgl/lwjgl-tinyexr/3.3.6/lwjgl-tinyexr-3.3.6.jar:/Users/ethanzhang/.m2/repository/org/lwjgl/lwjgl-tinyfd/3.3.6/lwjgl-tinyfd-3.3.6.jar:/Users/ethanzhang/.m2/repository/org/lwjgl/lwjgl-tootle/3.3.6/lwjgl-tootle-3.3.6.jar:/Users/ethanzhang/.m2/repository/org/lwjgl/lwjgl-vma/3.3.6/lwjgl-vma-3.3.6.jar:/Users/ethanzhang/.m2/repository/org/lwjgl/lwjgl-vulkan/3.3.6/lwjgl-vulkan-3.3.6.jar:/Users/ethanzhang/.m2/repository/org/lwjgl/lwjgl-xxhash/3.3.6/lwjgl-xxhash-3.3.6.jar:/Users/ethanzhang/.m2/repository/org/lwjgl/lwjgl-yoga/3.3.6/lwjgl-yoga-3.3.6.jar:/Users/ethanzhang/.m2/repository/org/lwjgl/lwjgl-zstd/3.3.6/lwjgl-zstd-3.3.6.jar:/Users/ethanzhang/.m2/repository/org/lwjgl/lwjgl/3.3.6/lwjgl-3.3.6-natives-macos-arm64.jar:/Users/ethanzhang/.m2/repository/org/lwjgl/lwjgl-assimp/3.3.6/lwjgl-assimp-3.3.6-natives-macos-arm64.jar:/Users/ethanzhang/.m2/repository/org/lwjgl/lwjgl-bgfx/3.3.6/lwjgl-bgfx-3.3.6-natives-macos-arm64.jar:/Users/ethanzhang/.m2/repository/org/lwjgl/lwjgl-freetype/3.3.6/lwjgl-freetype-3.3.6-natives-macos-arm64.jar:/Users/ethanzhang/.m2/repository/org/lwjgl/lwjgl-glfw/3.3.6/lwjgl-glfw-3.3.6-natives-macos-arm64.jar:/Users/ethanzhang/.m2/repository/org/lwjgl/lwjgl-harfbuzz/3.3.6/lwjgl-harfbuzz-3.3.6-natives-macos-arm64.jar:/Users/ethanzhang/.m2/repository/org/lwjgl/lwjgl-hwloc/3.3.6/lwjgl-hwloc-3.3.6-natives-macos-arm64.jar:/Users/ethanzhang/.m2/repository/org/lwjgl/lwjgl-jemalloc/3.3.6/lwjgl-jemalloc-3.3.6-natives-macos-arm64.jar:/Users/ethanzhang/.m2/repository/org/lwjgl/lwjgl-ktx/3.3.6/lwjgl-ktx-3.3.6-natives-macos-arm64.jar:/Users/ethanzhang/.m2/repository/org/lwjgl/lwjgl-libdivide/3.3.6/lwjgl-libdivide-3.3.6-natives-macos-arm64.jar:/Users/ethanzhang/.m2/repository/org/lwjgl/lwjgl-llvm/3.3.6/lwjgl-llvm-3.3.6-natives-macos-arm64.jar:/Users/ethanzhang/.m2/repository/org/lwjgl/lwjgl-lmdb/3.3.6/lwjgl-lmdb-3.3.6-natives-macos-arm64.jar:/Users/ethanzhang/.m2/repository/org/lwjgl/lwjgl-lz4/3.3.6/lwjgl-lz4-3.3.6-natives-macos-arm64.jar:/Users/ethanzhang/.m2/repository/org/lwjgl/lwjgl-meow/3.3.6/lwjgl-meow-3.3.6-natives-macos-arm64.jar:/Users/ethanzhang/.m2/repository/org/lwjgl/lwjgl-meshoptimizer/3.3.6/lwjgl-meshoptimizer-3.3.6-natives-macos-arm64.jar:/Users/ethanzhang/.m2/repository/org/lwjgl/lwjgl-msdfgen/3.3.6/lwjgl-msdfgen-3.3.6-natives-macos-arm64.jar:/Users/ethanzhang/.m2/repository/org/lwjgl/lwjgl-nanovg/3.3.6/lwjgl-nanovg-3.3.6-natives-macos-arm64.jar:/Users/ethanzhang/.m2/repository/org/lwjgl/lwjgl-nfd/3.3.6/lwjgl-nfd-3.3.6-natives-macos-arm64.jar:/Users/ethanzhang/.m2/repository/org/lwjgl/lwjgl-nuklear/3.3.6/lwjgl-nuklear-3.3.6-natives-macos-arm64.jar:/Users/ethanzhang/.m2/repository/org/lwjgl/lwjgl-openal/3.3.6/lwjgl-openal-3.3.6-natives-macos-arm64.jar:/Users/ethanzhang/.m2/repository/org/lwjgl/lwjgl-opengl/3.3.6/lwjgl-opengl-3.3.6-natives-macos-arm64.jar:/Users/ethanzhang/.m2/repository/org/lwjgl/lwjgl-opengles/3.3.6/lwjgl-opengles-3.3.6-natives-macos-arm64.jar:/Users/ethanzhang/.m2/repository/org/lwjgl/lwjgl-opus/3.3.6/lwjgl-opus-3.3.6-natives-macos-arm64.jar:/Users/ethanzhang/.m2/repository/org/lwjgl/lwjgl-par/3.3.6/lwjgl-par-3.3.6-natives-macos-arm64.jar:/Users/ethanzhang/.m2/repository/org/lwjgl/lwjgl-remotery/3.3.6/lwjgl-remotery-3.3.6-natives-macos-arm64.jar:/Users/ethanzhang/.m2/repository/org/lwjgl/lwjgl-rpmalloc/3.3.6/lwjgl-rpmalloc-3.3.6-natives-macos-arm64.jar:/Users/ethanzhang/.m2/repository/org/lwjgl/lwjgl-shaderc/3.3.6/lwjgl-shaderc-3.3.6-natives-macos-arm64.jar:/Users/ethanzhang/.m2/repository/org/lwjgl/lwjgl-spvc/3.3.6/lwjgl-spvc-3.3.6-natives-macos-arm64.jar:/Users/ethanzhang/.m2/repository/org/lwjgl/lwjgl-stb/3.3.6/lwjgl-stb-3.3.6-natives-macos-arm64.jar:/Users/ethanzhang/.m2/repository/org/lwjgl/lwjgl-tinyexr/3.3.6/lwjgl-tinyexr-3.3.6-natives-macos-arm64.jar:/Users/ethanzhang/.m2/repository/org/lwjgl/lwjgl-tinyfd/3.3.6/lwjgl-tinyfd-3.3.6-natives-macos-arm64.jar:/Users/ethanzhang/.m2/repository/org/lwjgl/lwjgl-vma/3.3.6/lwjgl-vma-3.3.6-natives-macos-arm64.jar:/Users/ethanzhang/.m2/repository/org/lwjgl/lwjgl-xxhash/3.3.6/lwjgl-xxhash-3.3.6-natives-macos-arm64.jar:/Users/ethanzhang/.m2/repository/org/lwjgl/lwjgl-yoga/3.3.6/lwjgl-yoga-3.3.6-natives-macos-arm64.jar:/Users/ethanzhang/.m2/repository/org/lwjgl/lwjgl-zstd/3.3.6/lwjgl-zstd-3.3.6-natives-macos-arm64.jar:/Users/ethanzhang/.m2/repository/org/junit/jupiter/junit-jupiter/5.10.0/junit-jupiter-5.10.0.jar:/Users/ethanzhang/.m2/repository/org/junit/jupiter/junit-jupiter-api/5.10.2/junit-jupiter-api-5.10.2.jar:/Users/ethanzhang/.m2/repository/org/opentest4j/opentest4j/1.3.0/opentest4j-1.3.0.jar:/Users/ethanzhang/.m2/repository/org/junit/platform/junit-platform-commons/1.10.2/junit-platform-commons-1.10.2.jar:/Users/ethanzhang/.m2/repository/org/apiguardian/apiguardian-api/1.1.2/apiguardian-api-1.1.2.jar:/Users/ethanzhang/.m2/repository/org/junit/jupiter/junit-jupiter-params/5.10.2/junit-jupiter-params-5.10.2.jar:/Users/ethanzhang/.m2/repository/org/junit/jupiter/junit-jupiter-engine/5.10.2/junit-jupiter-engine-5.10.2.jar:/Users/ethanzhang/.m2/repository/org/junit/platform/junit-platform-engine/1.10.2/junit-platform-engine-1.10.2.jar:/Users/ethanzhang/.m2/repository/org/mockito/mockito-core/5.11.0/mockito-core-5.11.0.jar:/Users/ethanzhang/.m2/repository/net/bytebuddy/byte-buddy/1.14.12/byte-buddy-1.14.12.jar:/Users/ethanzhang/.m2/repository/net/bytebuddy/byte-buddy-agent/1.14.12/byte-buddy-agent-1.14.12.jar:/Users/ethanzhang/.m2/repository/org/objenesis/objenesis/3.3/objenesis-3.3.jar:"/>
    <property name="sun.cpu.endian" value="little"/>
    <property name="user.home" value="/Users/ethanzhang"/>
    <property name="user.language" value="en"/>
    <property name="java.specification.vendor" value="Oracle Corporation"/>
    <property name="java.version.date" value="2025-01-21"/>
    <property name="java.home" value="/opt/homebrew/Cellar/openjdk/23.0.2/libexec/openjdk.jdk/Contents/Home"/>
    <property name="file.separator" value="/"/>
    <property name="basedir" value="/Users/ethanzhang/physics/ENSEA_Java_Final/demo"/>
    <property name="java.vm.compressedOopsMode" value="Zero based"/>
    <property name="line.separator" value="&#10;"/>
    <property name="java.vm.specification.vendor" value="Oracle Corporation"/>
    <property name="java.specification.name" value="Java Platform API Specification"/>
    <property name="apple.awt.application.name" value="ForkedBooter"/>
    <property name="surefire.real.class.path" value="/Users/ethanzhang/physics/ENSEA_Java_Final/demo/target/surefire/surefirebooter-20250521115850880_3.jar"/>
    <property name="sun.management.compiler" value="HotSpot 64-Bit Tiered Compilers"/>
    <property name="ftp.nonProxyHosts" value="local|*.local|169.254/16|*.169.254/16"/>
    <property name="java.runtime.version" value="23.0.2"/>
    <property name="user.name" value="ethanzhang"/>
    <property name="stdout.encoding" value="UTF-8"/>
    <property name="path.separator" value=":"/>
    <property name="os.version" value="15.4"/>
    <property name="java.runtime.name" value="OpenJDK Runtime Environment"/>
    <property name="org.lwjgl.librarypath" value="/var/folders/qc/bt6csyl53m7_1_kzgn41t6y40000gn/T/lwjgl_ethanzhang/3.3.6+1/arm64"/>
    <property name="file.encoding" value="UTF-8"/>
    <property name="java.vm.name" value="OpenJDK 64-Bit Server VM"/>
    <property name="java.vendor.version" value="Homebrew"/>
    <property name="localRepository" value="/Users/ethanzhang/.m2/repository"/>
    <property name="java.vendor.url.bug" value="https://github.com/Homebrew/homebrew-core/issues"/>
    <property name="java.io.tmpdir" value="/var/folders/qc/bt6csyl53m7_1_kzgn41t6y40000gn/T/"/>
    <property name="java.version" value="23.0.2"/>
    <property name="user.dir" value="/Users/ethanzhang/physics/ENSEA_Java_Final/demo"/>
    <property name="os.arch" value="aarch64"/>
    <property name="java.vm.specification.name" value="Java Virtual Machine Specification"/>
    <property name="native.encoding" value="UTF-8"/>
    <property name="java.library.path" value="/Users/ethanzhang/Library/Java/Extensions:/Library/Java/Extensions:/Network/Library/Java/Extensions:/System/Library/Java/Extensions:/usr/lib/java:."/>
    <property name="java.vm.info" value="mixed mode, sharing"/>
    <property name="stderr.encoding" value="UTF-8"/>
    <property name="java.vendor" value="Homebrew"/>
    <property name="java.vm.version" value="23.0.2"/>
    <property name="sun.io.unicode.encoding" value="UnicodeBig"/>
    <property name="socksNonProxyHosts" value="local|*.local|169.254/16|*.169.254/16"/>
    <property name="java.class.version" value="67.0"/>
  </properties>
  <testcase name="subtract" classname="com.ensea_java_final.Vector2DTest" time="0.001"/>
  <testcase name="magnitude" classname="com.ensea_java_final.Vector2DTest" time="0.001"/>
  <testcase name="add" classname="com.ensea_java_final.Vector2DTest" time="0.001"/>
  <testcase name="scale" classname="com.ensea_java_final.Vector2DTest" time="0.001"/>
  <testcase name="normalize_zeroVector" classname="com.ensea_java_final.Vector2DTest" time="0.002"/>
  <testcase name="normalize_nonZero" classname="com.ensea_java_final.Vector2DTest" time="0.001"/>
</testsuite>